<?xml version="1.0" encoding="UTF-8"?>
<testsuite name="dat250.group2.poll.poll.pollRestClient" tests="1" skipped="0" failures="0" errors="0" timestamp="2025-10-07T18:56:12.860Z" hostname="Fredrics-MacBook-Air.local" time="0.666">
  <properties/>
  <testcase name="fullScenario()" classname="dat250.group2.poll.poll.pollRestClient" time="0.666"/>
  <system-out><![CDATA[2025-10-07T20:56:08.157+02:00  INFO 33162 --- [poll] [    Test worker] t.c.s.AnnotationConfigContextLoaderUtils : Could not detect default configuration classes for test class [dat250.group2.poll.poll.pollRestClient]: pollRestClient does not declare any static, non-private, non-final, nested classes annotated with @Configuration.
2025-10-07T20:56:08.159+02:00  INFO 33162 --- [poll] [    Test worker] .b.t.c.SpringBootTestContextBootstrapper : Found @SpringBootConfiguration dat250.PollApplication for test class dat250.group2.poll.poll.pollRestClient

  .   ____          _            __ _ _
 /\\ / ___'_ __ _ _(_)_ __  __ _ \ \ \ \
( ( )\___ | '_ | '_| | '_ \/ _` | \ \ \ \
 \\/  ___)| |_)| | | | | || (_| |  ) ) ) )
  '  |____| .__|_| |_|_| |_\__, | / / / /
 =========|_|==============|___/=/_/_/_/

 :: Spring Boot ::                (v3.5.5)

2025-10-07T20:56:08.180+02:00  WARN 33162 --- [poll] [    Test worker] ory$DuplicateJsonObjectContextCustomizer : 

Found multiple occurrences of org.json.JSONObject on the class path:

	jar:file:/Users/fredrichegland/.gradle/caches/modules-2/files-2.1/org.json/json/20250517/d67181bbd819ccceb929b580a4e2fcb0c8b17cd8/json-20250517.jar!/org/json/JSONObject.class
	jar:file:/Users/fredrichegland/.gradle/caches/modules-2/files-2.1/com.vaadin.external.google/android-json/0.0.20131108.vaadin1/fa26d351fe62a6a17f5cda1287c1c6110dec413f/android-json-0.0.20131108.vaadin1.jar!/org/json/JSONObject.class

You may wish to exclude one of them to ensure predictable runtime behavior

2025-10-07T20:56:08.185+02:00  INFO 33162 --- [poll] [    Test worker] dat250.group2.poll.poll.pollRestClient   : Starting pollRestClient using Java 21.0.8 with PID 33162 (started by fredrichegland in /Users/fredrichegland/Documents/UiB/MSc Software Engineering/DAT250_Avanserte_Programvareteknologier/DAT250 Code/DAT250_Assignments)
2025-10-07T20:56:08.186+02:00  INFO 33162 --- [poll] [    Test worker] dat250.group2.poll.poll.pollRestClient   : No active profile set, falling back to 1 default profile: "default"
2025-10-07T20:56:08.300+02:00  INFO 33162 --- [poll] [    Test worker] .s.d.r.c.RepositoryConfigurationDelegate : Bootstrapping Spring Data JPA repositories in DEFAULT mode.
2025-10-07T20:56:08.303+02:00  INFO 33162 --- [poll] [    Test worker] .s.d.r.c.RepositoryConfigurationDelegate : Finished Spring Data repository scanning in 1 ms. Found 0 JPA repository interfaces.
2025-10-07T20:56:08.426+02:00  INFO 33162 --- [poll] [    Test worker] o.s.b.w.embedded.tomcat.TomcatWebServer  : Tomcat initialized with port 0 (http)
2025-10-07T20:56:08.435+02:00  INFO 33162 --- [poll] [    Test worker] o.apache.catalina.core.StandardService   : Starting service [Tomcat]
2025-10-07T20:56:08.435+02:00  INFO 33162 --- [poll] [    Test worker] o.apache.catalina.core.StandardEngine    : Starting Servlet engine: [Apache Tomcat/10.1.44]
2025-10-07T20:56:08.461+02:00  INFO 33162 --- [poll] [    Test worker] o.a.c.c.C.[Tomcat].[localhost].[/]       : Initializing Spring embedded WebApplicationContext
2025-10-07T20:56:08.462+02:00  INFO 33162 --- [poll] [    Test worker] w.s.c.ServletWebServerApplicationContext : Root WebApplicationContext: initialization completed in 274 ms
2025-10-07T20:56:08.499+02:00  INFO 33162 --- [poll] [    Test worker] com.zaxxer.hikari.HikariDataSource       : HikariPool-2 - Starting...
2025-10-07T20:56:08.501+02:00  INFO 33162 --- [poll] [    Test worker] com.zaxxer.hikari.pool.HikariPool        : HikariPool-2 - Added connection conn10: url=jdbc:h2:mem:88628d32-1867-4e44-96aa-3cfc1301cd1c user=SA
2025-10-07T20:56:08.501+02:00  INFO 33162 --- [poll] [    Test worker] com.zaxxer.hikari.HikariDataSource       : HikariPool-2 - Start completed.
2025-10-07T20:56:08.502+02:00  INFO 33162 --- [poll] [    Test worker] o.hibernate.jpa.internal.util.LogHelper  : HHH000204: Processing PersistenceUnitInfo [name: default]
2025-10-07T20:56:08.515+02:00  INFO 33162 --- [poll] [    Test worker] o.s.o.j.p.SpringPersistenceUnitInfo      : No LoadTimeWeaver setup: ignoring JPA class transformer
2025-10-07T20:56:08.517+02:00  INFO 33162 --- [poll] [    Test worker] org.hibernate.orm.connections.pooling    : HHH10001005: Database info:
	Database JDBC URL [jdbc:h2:mem:88628d32-1867-4e44-96aa-3cfc1301cd1c]
	Database driver: H2 JDBC Driver
	Database dialect: H2Dialect
	Database version: 2.3.232
	Default catalog/schema: 88628D32-1867-4E44-96AA-3CFC1301CD1C/PUBLIC
	Autocommit mode: undefined/unknown
	Isolation level: READ_COMMITTED [default READ_COMMITTED]
	JDBC fetch size: 100
	Pool: DatasourceConnectionProviderImpl
	Minimum pool size: undefined/unknown
	Maximum pool size: undefined/unknown
2025-10-07T20:56:08.548+02:00  INFO 33162 --- [poll] [    Test worker] o.h.e.t.j.p.i.JtaPlatformInitiator       : HHH000489: No JTA platform available (set 'hibernate.transaction.jta.platform' to enable JTA platform integration)
2025-10-07T20:56:08.556+02:00  INFO 33162 --- [poll] [    Test worker] j.LocalContainerEntityManagerFactoryBean : Initialized JPA EntityManagerFactory for persistence unit 'default'
RabbitMQ connection established successfully
2025-10-07T20:56:08.583+02:00  WARN 33162 --- [poll] [    Test worker] JpaBaseConfiguration$JpaWebConfiguration : spring.jpa.open-in-view is enabled by default. Therefore, database queries may be performed during view rendering. Explicitly configure spring.jpa.open-in-view to disable this warning
2025-10-07T20:56:08.586+02:00  INFO 33162 --- [poll] [    Test worker] o.s.b.a.w.s.WelcomePageHandlerMapping    : Adding welcome page: class path resource [static/index.html]
2025-10-07T20:56:08.780+02:00  INFO 33162 --- [poll] [    Test worker] o.s.b.w.embedded.tomcat.TomcatWebServer  : Tomcat started on port 49218 (http) with context path '/'
2025-10-07T20:56:08.783+02:00  INFO 33162 --- [poll] [    Test worker] dat250.group2.poll.poll.pollRestClient   : Started pollRestClient in 0.621 seconds (process running for 8.973)

# Testing Redis Connection
PING response: PONG

# Basic SET/GET Operations
First user SET, total users: bob
Second user SET, total users: alice

# Testing Expiration
TTL for temp_user: 3 seconds
TTL after expiration: -2
Expired user value: null

# Use Case 1: Tracking Logged-in Users with Set
1. Initial state: no user is logged in: []
2. User "alice" logs in: [alice]
3. User "bob" logs in: [bob, alice]
4. User "alice" logs off: [bob]
5. User "eve" logs in: [bob, eve]

# Use Case 2: Poll Data with Hash Operations
Poll Title: Pineapple on Pizza?
Option 1: Yes, yammy! - Votes: 269
Option 2: Mamma mia, nooooo! - Votes: 268
Option 3: I do not really care ... - Votes: 42

# Testing Vote Increment
Before increment - Option 1 votes: 269
After incrementing by 1 - Option 1 votes: 270
Before increment - Option 2 votes: 268
After incrementing by 5 - Option 2 votes: 273

# Simple Cache Implementation Test
Poll results found in cache!
Cached results: Option1:270,Option2:273,Option3:42
Second call - Poll results found in cache!
Cached results: Option1:270,Option2:273,Option3:42
Cache TTL: 3 seconds

Redis Tests Completed Successfully!

Initializing RabbitMQ Service...
	Sent 'Hello World!'
	Received 'Hello World!'
2025-10-07T20:56:13.031+02:00  INFO 33162 --- [poll] [0-auto-1-exec-1] o.a.c.c.C.[Tomcat].[localhost].[/]       : Initializing Spring DispatcherServlet 'dispatcherServlet'
2025-10-07T20:56:13.031+02:00  INFO 33162 --- [poll] [0-auto-1-exec-1] o.s.web.servlet.DispatcherServlet        : Initializing Servlet 'dispatcherServlet'
2025-10-07T20:56:13.032+02:00  INFO 33162 --- [poll] [0-auto-1-exec-1] o.s.web.servlet.DispatcherServlet        : Completed initialization in 1 ms
Started listening for votes on queue: poll_dc99cd8a-9775-4464-a0f4-24e5bc946acc_votes
Created topic for poll: dc99cd8a-9775-4464-a0f4-24e5bc946acc
Published vote event for poll dc99cd8a-9775-4464-a0f4-24e5bc946acc: ee5ceeb6-d3c9-4482-85e7-67be63831a06:user2
Received vote event for poll dc99cd8a-9775-4464-a0f4-24e5bc946acc: ee5ceeb6-d3c9-4482-85e7-67be63831a06:user2
Processing vote: optionId=ee5ceeb6-d3c9-4482-85e7-67be63831a06, username=user2, pollId=dc99cd8a-9775-4464-a0f4-24e5bc946acc
Vote persisted for poll dc99cd8a-9775-4464-a0f4-24e5bc946acc on option ee5ceeb6-d3c9-4482-85e7-67be63831a06
]]></system-out>
  <system-err><![CDATA[]]></system-err>
</testsuite>
