<?xml version="1.0" encoding="UTF-8"?>
<testsuite name="no.hvl.dat250.jpa.polls.PollsTest" tests="4" skipped="0" failures="0" errors="0" timestamp="2025-10-07T18:56:13.528Z" hostname="Fredrics-MacBook-Air.local" time="1.283">
  <properties/>
  <testcase name="testOptions()" classname="no.hvl.dat250.jpa.polls.PollsTest" time="0.74"/>
  <testcase name="testUsers()" classname="no.hvl.dat250.jpa.polls.PollsTest" time="0.378"/>
  <testcase name="testVotes()" classname="no.hvl.dat250.jpa.polls.PollsTest" time="0.097"/>
  <testcase name="inspectDatabase()" classname="no.hvl.dat250.jpa.polls.PollsTest" time="0.063"/>
  <system-out><![CDATA[2025-10-07T20:56:13.531+02:00  INFO 33162 --- [poll] [    Test worker] o.hibernate.jpa.internal.util.LogHelper  : HHH000204: Processing PersistenceUnitInfo [name: polls]
2025-10-07T20:56:13.550+02:00  WARN 33162 --- [poll] [    Test worker] org.hibernate.orm.connections.pooling    : HHH10001002: Using built-in connection pool (not intended for production use)
2025-10-07T20:56:13.555+02:00  INFO 33162 --- [poll] [    Test worker] org.hibernate.orm.connections.pooling    : HHH10001005: Database info:
	Database JDBC URL [jdbc:h2:mem:polls;DB_CLOSE_DELAY=-1]
	Database driver: H2 JDBC Driver
	Database dialect: H2Dialect
	Database version: 2.3.232
	Default catalog/schema: POLLS/PUBLIC
	Autocommit mode: false
	Isolation level: READ_COMMITTED
	JDBC fetch size: 100
	Pool: DriverManagerConnectionProviderImpl
	Minimum pool size: 1
	Maximum pool size: 20
2025-10-07T20:56:13.596+02:00  INFO 33162 --- [poll] [    Test worker] o.h.e.t.j.p.i.JtaPlatformInitiator       : HHH000489: No JTA platform available (set 'hibernate.transaction.jta.platform' to enable JTA platform integration)
2025-10-07T20:56:14.270+02:00  INFO 33162 --- [poll] [    Test worker] o.hibernate.jpa.internal.util.LogHelper  : HHH000204: Processing PersistenceUnitInfo [name: polls]
2025-10-07T20:56:14.313+02:00  WARN 33162 --- [poll] [    Test worker] org.hibernate.orm.connections.pooling    : HHH10001002: Using built-in connection pool (not intended for production use)
2025-10-07T20:56:14.340+02:00  INFO 33162 --- [poll] [    Test worker] org.hibernate.orm.connections.pooling    : HHH10001005: Database info:
	Database JDBC URL [jdbc:h2:mem:polls;DB_CLOSE_DELAY=-1]
	Database driver: H2 JDBC Driver
	Database dialect: H2Dialect
	Database version: 2.3.232
	Default catalog/schema: POLLS/PUBLIC
	Autocommit mode: false
	Isolation level: READ_COMMITTED
	JDBC fetch size: 100
	Pool: DriverManagerConnectionProviderImpl
	Minimum pool size: 1
	Maximum pool size: 20
2025-10-07T20:56:14.549+02:00  INFO 33162 --- [poll] [    Test worker] o.h.e.t.j.p.i.JtaPlatformInitiator       : HHH000489: No JTA platform available (set 'hibernate.transaction.jta.platform' to enable JTA platform integration)
2025-10-07T20:56:14.653+02:00  INFO 33162 --- [poll] [    Test worker] o.hibernate.jpa.internal.util.LogHelper  : HHH000204: Processing PersistenceUnitInfo [name: polls]
2025-10-07T20:56:14.663+02:00  WARN 33162 --- [poll] [    Test worker] org.hibernate.orm.connections.pooling    : HHH10001002: Using built-in connection pool (not intended for production use)
2025-10-07T20:56:14.665+02:00  INFO 33162 --- [poll] [    Test worker] org.hibernate.orm.connections.pooling    : HHH10001005: Database info:
	Database JDBC URL [jdbc:h2:mem:polls;DB_CLOSE_DELAY=-1]
	Database driver: H2 JDBC Driver
	Database dialect: H2Dialect
	Database version: 2.3.232
	Default catalog/schema: POLLS/PUBLIC
	Autocommit mode: false
	Isolation level: READ_COMMITTED
	JDBC fetch size: 100
	Pool: DriverManagerConnectionProviderImpl
	Minimum pool size: 1
	Maximum pool size: 20
2025-10-07T20:56:14.693+02:00  INFO 33162 --- [poll] [    Test worker] o.h.e.t.j.p.i.JtaPlatformInitiator       : HHH000489: No JTA platform available (set 'hibernate.transaction.jta.platform' to enable JTA platform integration)
2025-10-07T20:56:14.749+02:00  INFO 33162 --- [poll] [    Test worker] o.hibernate.jpa.internal.util.LogHelper  : HHH000204: Processing PersistenceUnitInfo [name: polls]
2025-10-07T20:56:14.758+02:00  WARN 33162 --- [poll] [    Test worker] org.hibernate.orm.connections.pooling    : HHH10001002: Using built-in connection pool (not intended for production use)
2025-10-07T20:56:14.760+02:00  INFO 33162 --- [poll] [    Test worker] org.hibernate.orm.connections.pooling    : HHH10001005: Database info:
	Database JDBC URL [jdbc:h2:mem:polls;DB_CLOSE_DELAY=-1]
	Database driver: H2 JDBC Driver
	Database dialect: H2Dialect
	Database version: 2.3.232
	Default catalog/schema: POLLS/PUBLIC
	Autocommit mode: false
	Isolation level: READ_COMMITTED
	JDBC fetch size: 100
	Pool: DriverManagerConnectionProviderImpl
	Minimum pool size: 1
	Maximum pool size: 20
2025-10-07T20:56:14.788+02:00  INFO 33162 --- [poll] [    Test worker] o.h.e.t.j.p.i.JtaPlatformInitiator       : HHH000489: No JTA platform available (set 'hibernate.transaction.jta.platform' to enable JTA platform integration)

----- TABLES IN H2 -----
Current schema: PUBLIC
Found tables: 4
Table: POLL
  Column: PUBLICACCESS (DATA_TYPE=BOOLEAN)
  Column: CREATEDBY_ID (DATA_TYPE=BIGINT)
  Column: ID (DATA_TYPE=BIGINT)
  Column: PUBLISHEDAT (DATA_TYPE=TIMESTAMP WITH TIME ZONE)
  Column: VALIDUNTIL (DATA_TYPE=TIMESTAMP WITH TIME ZONE)
  Column: QUESTION (DATA_TYPE=CHARACTER VARYING)

Table: USERS
  Column: ID (DATA_TYPE=BIGINT)
  Column: EMAIL (DATA_TYPE=CHARACTER VARYING)
  Column: PASSWORD (DATA_TYPE=CHARACTER VARYING)
  Column: USERNAME (DATA_TYPE=CHARACTER VARYING)

Table: VOTE
  Column: ID (DATA_TYPE=BIGINT)
  Column: PUBLISHEDAT (DATA_TYPE=TIMESTAMP WITH TIME ZONE)
  Column: VOTEDBY_ID (DATA_TYPE=BIGINT)
  Column: VOTESON_ID (DATA_TYPE=BIGINT)

Table: VOTEOPTION
  Column: PRESENTATIONORDER (DATA_TYPE=INTEGER)
  Column: ID (DATA_TYPE=BIGINT)
  Column: POLL_ID (DATA_TYPE=BIGINT)
  Column: CAPTION (DATA_TYPE=CHARACTER VARYING)

]]></system-out>
  <system-err><![CDATA[]]></system-err>
</testsuite>
