<?xml version="1.0" encoding="UTF-8"?>
<testsuite name="test.java.no.hvl.dat250.jpa.polls.PollsTest" tests="4" skipped="0" failures="0" errors="0" timestamp="2025-10-07T17:57:06.597Z" hostname="Fredrics-MacBook-Air.local" time="1.718">
  <properties/>
  <testcase name="testOptions()" classname="test.java.no.hvl.dat250.jpa.polls.PollsTest" time="1.495"/>
  <testcase name="testUsers()" classname="test.java.no.hvl.dat250.jpa.polls.PollsTest" time="0.091"/>
  <testcase name="testVotes()" classname="test.java.no.hvl.dat250.jpa.polls.PollsTest" time="0.081"/>
  <testcase name="inspectDatabase()" classname="test.java.no.hvl.dat250.jpa.polls.PollsTest" time="0.05"/>
  <system-out><![CDATA[2025-10-07T19:57:06.615+02:00  INFO 7182 --- [poll] [    Test worker] o.hibernate.jpa.internal.util.LogHelper  : HHH000204: Processing PersistenceUnitInfo [name: polls]
2025-10-07T19:57:06.694+02:00  INFO 7182 --- [poll] [    Test worker] org.hibernate.Version                    : HHH000412: Hibernate ORM core version 7.1.1.Final
2025-10-07T19:57:06.934+02:00  WARN 7182 --- [poll] [    Test worker] org.hibernate.orm.connections.pooling    : HHH10001002: Using built-in connection pool (not intended for production use)
2025-10-07T19:57:07.134+02:00  INFO 7182 --- [poll] [    Test worker] org.hibernate.orm.connections.pooling    : HHH10001005: Database info:
	Database JDBC URL [jdbc:h2:mem:polls;DB_CLOSE_DELAY=-1]
	Database driver: H2 JDBC Driver
	Database dialect: H2Dialect
	Database version: 2.3.232
	Default catalog/schema: POLLS/PUBLIC
	Autocommit mode: false
	Isolation level: READ_COMMITTED
	JDBC fetch size: 100
	Pool: DriverManagerConnectionProviderImpl
	Minimum pool size: 1
	Maximum pool size: 20
2025-10-07T19:57:07.689+02:00  INFO 7182 --- [poll] [    Test worker] o.h.e.t.j.p.i.JtaPlatformInitiator       : HHH000489: No JTA platform available (set 'hibernate.transaction.jta.platform' to enable JTA platform integration)
2025-10-07T19:57:08.093+02:00  INFO 7182 --- [poll] [    Test worker] o.hibernate.jpa.internal.util.LogHelper  : HHH000204: Processing PersistenceUnitInfo [name: polls]
2025-10-07T19:57:08.100+02:00  WARN 7182 --- [poll] [    Test worker] org.hibernate.orm.connections.pooling    : HHH10001002: Using built-in connection pool (not intended for production use)
2025-10-07T19:57:08.101+02:00  INFO 7182 --- [poll] [    Test worker] org.hibernate.orm.connections.pooling    : HHH10001005: Database info:
	Database JDBC URL [jdbc:h2:mem:polls;DB_CLOSE_DELAY=-1]
	Database driver: H2 JDBC Driver
	Database dialect: H2Dialect
	Database version: 2.3.232
	Default catalog/schema: POLLS/PUBLIC
	Autocommit mode: false
	Isolation level: READ_COMMITTED
	JDBC fetch size: 100
	Pool: DriverManagerConnectionProviderImpl
	Minimum pool size: 1
	Maximum pool size: 20
2025-10-07T19:57:08.134+02:00  INFO 7182 --- [poll] [    Test worker] o.h.e.t.j.p.i.JtaPlatformInitiator       : HHH000489: No JTA platform available (set 'hibernate.transaction.jta.platform' to enable JTA platform integration)
2025-10-07T19:57:08.184+02:00  INFO 7182 --- [poll] [    Test worker] o.hibernate.jpa.internal.util.LogHelper  : HHH000204: Processing PersistenceUnitInfo [name: polls]
2025-10-07T19:57:08.190+02:00  WARN 7182 --- [poll] [    Test worker] org.hibernate.orm.connections.pooling    : HHH10001002: Using built-in connection pool (not intended for production use)
2025-10-07T19:57:08.192+02:00  INFO 7182 --- [poll] [    Test worker] org.hibernate.orm.connections.pooling    : HHH10001005: Database info:
	Database JDBC URL [jdbc:h2:mem:polls;DB_CLOSE_DELAY=-1]
	Database driver: H2 JDBC Driver
	Database dialect: H2Dialect
	Database version: 2.3.232
	Default catalog/schema: POLLS/PUBLIC
	Autocommit mode: false
	Isolation level: READ_COMMITTED
	JDBC fetch size: 100
	Pool: DriverManagerConnectionProviderImpl
	Minimum pool size: 1
	Maximum pool size: 20
2025-10-07T19:57:08.213+02:00  INFO 7182 --- [poll] [    Test worker] o.h.e.t.j.p.i.JtaPlatformInitiator       : HHH000489: No JTA platform available (set 'hibernate.transaction.jta.platform' to enable JTA platform integration)
2025-10-07T19:57:08.266+02:00  INFO 7182 --- [poll] [    Test worker] o.hibernate.jpa.internal.util.LogHelper  : HHH000204: Processing PersistenceUnitInfo [name: polls]
2025-10-07T19:57:08.272+02:00  WARN 7182 --- [poll] [    Test worker] org.hibernate.orm.connections.pooling    : HHH10001002: Using built-in connection pool (not intended for production use)
2025-10-07T19:57:08.273+02:00  INFO 7182 --- [poll] [    Test worker] org.hibernate.orm.connections.pooling    : HHH10001005: Database info:
	Database JDBC URL [jdbc:h2:mem:polls;DB_CLOSE_DELAY=-1]
	Database driver: H2 JDBC Driver
	Database dialect: H2Dialect
	Database version: 2.3.232
	Default catalog/schema: POLLS/PUBLIC
	Autocommit mode: false
	Isolation level: READ_COMMITTED
	JDBC fetch size: 100
	Pool: DriverManagerConnectionProviderImpl
	Minimum pool size: 1
	Maximum pool size: 20
2025-10-07T19:57:08.297+02:00  INFO 7182 --- [poll] [    Test worker] o.h.e.t.j.p.i.JtaPlatformInitiator       : HHH000489: No JTA platform available (set 'hibernate.transaction.jta.platform' to enable JTA platform integration)

----- TABLES IN H2 -----
Current schema: PUBLIC
Found tables: 4
Table: POLL
  Column: PUBLICACCESS (DATA_TYPE=BOOLEAN)
  Column: CREATEDBY_ID (DATA_TYPE=BIGINT)
  Column: ID (DATA_TYPE=BIGINT)
  Column: PUBLISHEDAT (DATA_TYPE=TIMESTAMP WITH TIME ZONE)
  Column: VALIDUNTIL (DATA_TYPE=TIMESTAMP WITH TIME ZONE)
  Column: QUESTION (DATA_TYPE=CHARACTER VARYING)

Table: USERS
  Column: ID (DATA_TYPE=BIGINT)
  Column: EMAIL (DATA_TYPE=CHARACTER VARYING)
  Column: PASSWORD (DATA_TYPE=CHARACTER VARYING)
  Column: USERNAME (DATA_TYPE=CHARACTER VARYING)

Table: VOTE
  Column: ID (DATA_TYPE=BIGINT)
  Column: PUBLISHEDAT (DATA_TYPE=TIMESTAMP WITH TIME ZONE)
  Column: VOTEDBY_ID (DATA_TYPE=BIGINT)
  Column: VOTESON_ID (DATA_TYPE=BIGINT)

Table: VOTEOPTION
  Column: PRESENTATIONORDER (DATA_TYPE=INTEGER)
  Column: ID (DATA_TYPE=BIGINT)
  Column: POLL_ID (DATA_TYPE=BIGINT)
  Column: CAPTION (DATA_TYPE=CHARACTER VARYING)

]]></system-out>
  <system-err><![CDATA[]]></system-err>
</testsuite>
